<?xml version="1.0" encoding="UTF-8"?>
<coverage generated="1763436101890" clover="3.2.0">
  <project timestamp="1763436101890" name="All files">
    <metrics statements="246" coveredstatements="191" conditionals="116" coveredconditionals="85" methods="20" coveredmethods="18" elements="382" coveredelements="294" complexity="0" loc="246" ncloc="246" packages="1" files="1" classes="1"/>
    <file name="competitionRoutes.js" path="C:\Users\manoh\OneDrive\Desktop\SEM 5\SE\PESU_EC_CSE_K_P75_Backend_for_a_Leaderboard_System_Team-2\routes\competitionRoutes.js">
      <metrics statements="246" coveredstatements="191" conditionals="116" coveredconditionals="85" methods="20" coveredmethods="18"/>
      <line num="1" count="1" type="stmt"/>
      <line num="2" count="1" type="stmt"/>
      <line num="3" count="1" type="stmt"/>
      <line num="8" count="1" type="stmt"/>
      <line num="9" count="0" type="stmt"/>
      <line num="10" count="0" type="stmt"/>
      <line num="17" count="0" type="stmt"/>
      <line num="19" count="0" type="stmt"/>
      <line num="20" count="0" type="stmt"/>
      <line num="27" count="1" type="stmt"/>
      <line num="28" count="3" type="stmt"/>
      <line num="29" count="3" type="cond" truecount="1" falsecount="0"/>
      <line num="31" count="3" type="stmt"/>
      <line num="32" count="3" type="stmt"/>
      <line num="34" count="3" type="cond" truecount="2" falsecount="0"/>
      <line num="35" count="1" type="stmt"/>
      <line num="36" count="1" type="stmt"/>
      <line num="39" count="3" type="stmt"/>
      <line num="41" count="3" type="stmt"/>
      <line num="43" count="3" type="stmt"/>
      <line num="48" count="0" type="stmt"/>
      <line num="49" count="0" type="stmt"/>
      <line num="56" count="1" type="stmt"/>
      <line num="57" count="7" type="stmt"/>
      <line num="58" count="7" type="stmt"/>
      <line num="59" count="7" type="cond" truecount="1" falsecount="0"/>
      <line num="61" count="7" type="stmt"/>
      <line num="65" count="7" type="cond" truecount="2" falsecount="0"/>
      <line num="66" count="2" type="stmt"/>
      <line num="69" count="5" type="stmt"/>
      <line num="70" count="5" type="stmt"/>
      <line num="71" count="5" type="stmt"/>
      <line num="72" count="5" type="stmt"/>
      <line num="73" count="5" type="stmt"/>
      <line num="76" count="5" type="cond" truecount="0" falsecount="1"/>
      <line num="77" count="10" type="cond" truecount="2" falsecount="0"/>
      <line num="79" count="1" type="cond" truecount="1" falsecount="1"/>
      <line num="80" count="1" type="cond" truecount="1" falsecount="1"/>
      <line num="82" count="0" type="stmt"/>
      <line num="85" count="5" type="stmt"/>
      <line num="86" count="5" type="stmt"/>
      <line num="89" count="5" type="cond" truecount="3" falsecount="1"/>
      <line num="90" count="0" type="stmt"/>
      <line num="91" count="0" type="stmt"/>
      <line num="92" count="0" type="stmt"/>
      <line num="93" count="5" type="cond" truecount="2" falsecount="0"/>
      <line num="94" count="1" type="stmt"/>
      <line num="95" count="1" type="stmt"/>
      <line num="96" count="1" type="stmt"/>
      <line num="97" count="4" type="cond" truecount="1" falsecount="1"/>
      <line num="98" count="0" type="stmt"/>
      <line num="99" count="0" type="stmt"/>
      <line num="100" count="0" type="stmt"/>
      <line num="104" count="5" type="stmt"/>
      <line num="122" count="5" type="stmt"/>
      <line num="123" count="5" type="stmt"/>
      <line num="124" count="5" type="stmt"/>
      <line num="126" count="5" type="stmt"/>
      <line num="128" count="5" type="stmt"/>
      <line num="141" count="9" type="stmt"/>
      <line num="145" count="0" type="stmt"/>
      <line num="146" count="0" type="stmt"/>
      <line num="153" count="1" type="stmt"/>
      <line num="154" count="1" type="stmt"/>
      <line num="155" count="1" type="stmt"/>
      <line num="157" count="1" type="stmt"/>
      <line num="161" count="1" type="cond" truecount="1" falsecount="1"/>
      <line num="162" count="0" type="stmt"/>
      <line num="165" count="1" type="stmt"/>
      <line num="167" count="1" type="stmt"/>
      <line num="175" count="1" type="cond" truecount="1" falsecount="1"/>
      <line num="176" count="0" type="stmt"/>
      <line num="184" count="1" type="stmt"/>
      <line num="187" count="1" type="stmt"/>
      <line num="195" count="0" type="stmt"/>
      <line num="196" count="0" type="stmt"/>
      <line num="203" count="1" type="stmt"/>
      <line num="204" count="1" type="stmt"/>
      <line num="205" count="1" type="stmt"/>
      <line num="207" count="1" type="stmt"/>
      <line num="208" count="1" type="cond" truecount="1" falsecount="1"/>
      <line num="209" count="0" type="stmt"/>
      <line num="212" count="1" type="stmt"/>
      <line num="214" count="1" type="stmt"/>
      <line num="223" count="1" type="stmt"/>
      <line num="226" count="1" type="stmt"/>
      <line num="235" count="0" type="stmt"/>
      <line num="236" count="0" type="stmt"/>
      <line num="243" count="1" type="stmt"/>
      <line num="244" count="13" type="stmt"/>
      <line num="245" count="13" type="cond" truecount="5" falsecount="0"/>
      <line num="246" count="1" type="stmt"/>
      <line num="248" count="12" type="cond" truecount="1" falsecount="1"/>
      <line num="249" count="0" type="stmt"/>
      <line num="251" count="12" type="stmt"/>
      <line num="252" count="12" type="stmt"/>
      <line num="253" count="12" type="cond" truecount="2" falsecount="0"/>
      <line num="254" count="1" type="stmt"/>
      <line num="256" count="11" type="stmt"/>
      <line num="261" count="11" type="stmt"/>
      <line num="273" count="0" type="stmt"/>
      <line num="274" count="0" type="stmt"/>
      <line num="281" count="1" type="stmt"/>
      <line num="282" count="13" type="stmt"/>
      <line num="283" count="13" type="cond" truecount="3" falsecount="1"/>
      <line num="284" count="0" type="stmt"/>
      <line num="286" count="13" type="stmt"/>
      <line num="288" count="13" type="stmt"/>
      <line num="289" count="13" type="stmt"/>
      <line num="290" count="13" type="stmt"/>
      <line num="292" count="13" type="cond" truecount="4" falsecount="1"/>
      <line num="293" count="0" type="stmt"/>
      <line num="295" count="13" type="stmt"/>
      <line num="298" count="13" type="cond" truecount="1" falsecount="1"/>
      <line num="299" count="13" type="stmt"/>
      <line num="303" count="13" type="stmt"/>
      <line num="304" count="13" type="stmt"/>
      <line num="306" count="0" type="stmt"/>
      <line num="309" count="13" type="cond" truecount="1" falsecount="1"/>
      <line num="310" count="13" type="stmt"/>
      <line num="311" count="527" type="cond" truecount="3" falsecount="1"/>
      <line num="313" count="527" type="stmt"/>
      <line num="315" count="527" type="cond" truecount="2" falsecount="0"/>
      <line num="316" count="526" type="stmt"/>
      <line num="317" count="526" type="stmt"/>
      <line num="319" count="1" type="stmt"/>
      <line num="323" count="527" type="cond" truecount="2" falsecount="0"/>
      <line num="324" count="527" type="stmt"/>
      <line num="326" count="527" type="stmt"/>
      <line num="331" count="527" type="stmt"/>
      <line num="336" count="13" type="stmt"/>
      <line num="342" count="0" type="stmt"/>
      <line num="343" count="0" type="stmt"/>
      <line num="350" count="1" type="stmt"/>
      <line num="351" count="7" type="stmt"/>
      <line num="352" count="7" type="stmt"/>
      <line num="354" count="7" type="cond" truecount="4" falsecount="0"/>
      <line num="355" count="1" type="stmt"/>
      <line num="358" count="6" type="cond" truecount="5" falsecount="0"/>
      <line num="359" count="1" type="stmt"/>
      <line num="361" count="5" type="stmt"/>
      <line num="362" count="5" type="stmt"/>
      <line num="363" count="5" type="cond" truecount="2" falsecount="0"/>
      <line num="364" count="1" type="stmt"/>
      <line num="366" count="4" type="stmt"/>
      <line num="368" count="4" type="stmt"/>
      <line num="370" count="4" type="cond" truecount="2" falsecount="0"/>
      <line num="371" count="3" type="stmt"/>
      <line num="372" count="3" type="stmt"/>
      <line num="374" count="1" type="stmt"/>
      <line num="377" count="4" type="stmt"/>
      <line num="382" count="4" type="stmt"/>
      <line num="384" count="0" type="stmt"/>
      <line num="385" count="0" type="stmt"/>
      <line num="392" count="1" type="stmt"/>
      <line num="393" count="3" type="stmt"/>
      <line num="394" count="3" type="stmt"/>
      <line num="396" count="3" type="stmt"/>
      <line num="400" count="3" type="cond" truecount="1" falsecount="1"/>
      <line num="401" count="0" type="stmt"/>
      <line num="403" count="3" type="stmt"/>
      <line num="404" count="3" type="stmt"/>
      <line num="407" count="3" type="stmt"/>
      <line num="422" count="3" type="stmt"/>
      <line num="425" count="3" type="stmt"/>
      <line num="431" count="3" type="stmt"/>
      <line num="437" count="3" type="stmt"/>
      <line num="438" count="2" type="stmt"/>
      <line num="439" count="2" type="cond" truecount="1" falsecount="1"/>
      <line num="441" count="2" type="stmt"/>
      <line num="447" count="2" type="cond" truecount="1" falsecount="1"/>
      <line num="448" count="2" type="stmt"/>
      <line num="457" count="3" type="stmt"/>
      <line num="464" count="0" type="stmt"/>
      <line num="465" count="0" type="stmt"/>
      <line num="472" count="1" type="stmt"/>
      <line num="473" count="1" type="stmt"/>
      <line num="475" count="1" type="stmt"/>
      <line num="476" count="1" type="stmt"/>
      <line num="477" count="1" type="cond" truecount="1" falsecount="1"/>
      <line num="478" count="0" type="stmt"/>
      <line num="480" count="1" type="stmt"/>
      <line num="483" count="1" type="stmt"/>
      <line num="484" count="1" type="stmt"/>
      <line num="485" count="1" type="stmt"/>
      <line num="488" count="1" type="stmt"/>
      <line num="491" count="1" type="stmt"/>
      <line num="502" count="0" type="stmt"/>
      <line num="503" count="0" type="stmt"/>
      <line num="510" count="1" type="stmt"/>
      <line num="511" count="1" type="stmt"/>
      <line num="512" count="1" type="stmt"/>
      <line num="514" count="1" type="stmt"/>
      <line num="518" count="1" type="cond" truecount="1" falsecount="1"/>
      <line num="519" count="0" type="stmt"/>
      <line num="521" count="1" type="stmt"/>
      <line num="523" count="1" type="stmt"/>
      <line num="532" count="1" type="cond" truecount="1" falsecount="1"/>
      <line num="533" count="0" type="stmt"/>
      <line num="535" count="1" type="stmt"/>
      <line num="539" count="2" type="stmt"/>
      <line num="543" count="0" type="stmt"/>
      <line num="544" count="0" type="stmt"/>
      <line num="551" count="1" type="stmt"/>
      <line num="552" count="3" type="stmt"/>
      <line num="553" count="3" type="stmt"/>
      <line num="555" count="3" type="stmt"/>
      <line num="556" count="3" type="stmt"/>
      <line num="557" count="3" type="cond" truecount="1" falsecount="1"/>
      <line num="558" count="0" type="stmt"/>
      <line num="560" count="3" type="stmt"/>
      <line num="563" count="3" type="stmt"/>
      <line num="573" count="3" type="cond" truecount="1" falsecount="1"/>
      <line num="574" count="0" type="stmt"/>
      <line num="576" count="3" type="stmt"/>
      <line num="579" count="3" type="cond" truecount="1" falsecount="1"/>
      <line num="582" count="3" type="stmt"/>
      <line num="589" count="3" type="stmt"/>
      <line num="591" count="3" type="stmt"/>
      <line num="599" count="0" type="stmt"/>
      <line num="600" count="0" type="stmt"/>
      <line num="608" count="1" type="stmt"/>
      <line num="609" count="3" type="stmt"/>
      <line num="610" count="3" type="stmt"/>
      <line num="612" count="3" type="stmt"/>
      <line num="613" count="3" type="stmt"/>
      <line num="614" count="3" type="cond" truecount="1" falsecount="1"/>
      <line num="615" count="0" type="stmt"/>
      <line num="617" count="3" type="stmt"/>
      <line num="620" count="3" type="cond" truecount="1" falsecount="1"/>
      <line num="621" count="3" type="cond" truecount="1" falsecount="1"/>
      <line num="624" count="3" type="stmt"/>
      <line num="634" count="3" type="cond" truecount="1" falsecount="1"/>
      <line num="635" count="0" type="stmt"/>
      <line num="637" count="3" type="stmt"/>
      <line num="640" count="3" type="stmt"/>
      <line num="651" count="3" type="stmt"/>
      <line num="660" count="3" type="stmt"/>
      <line num="671" count="0" type="stmt"/>
      <line num="672" count="0" type="stmt"/>
      <line num="680" count="1" type="stmt"/>
      <line num="682" count="0" type="stmt"/>
      <line num="683" count="0" type="stmt"/>
      <line num="685" count="0" type="cond" truecount="0" falsecount="2"/>
      <line num="689" count="0" type="stmt"/>
      <line num="696" count="1" type="stmt"/>
    </file>
  </project>
</coverage>
