{"C:\\Users\\manoh\\OneDrive\\Desktop\\SEM 5\\SE\\PESU_EC_CSE_K_P75_Backend_for_a_Leaderboard_System_Team-2\\routes\\competitionRoutes.js": {"path":"C:\\Users\\manoh\\OneDrive\\Desktop\\SEM 5\\SE\\PESU_EC_CSE_K_P75_Backend_for_a_Leaderboard_System_Team-2\\routes\\competitionRoutes.js","statementMap":{"0":{"start":{"line":1,"column":16},"end":{"line":1,"column":34}},"1":{"start":{"line":2,"column":15},"end":{"line":2,"column":31}},"2":{"start":{"line":3,"column":11},"end":{"line":3,"column":27}},"3":{"start":{"line":8,"column":0},"end":{"line":22,"column":3}},"4":{"start":{"line":9,"column":2},"end":{"line":21,"column":3}},"5":{"start":{"line":10,"column":21},"end":{"line":16,"column":6}},"6":{"start":{"line":17,"column":4},"end":{"line":17,"column":21}},"7":{"start":{"line":19,"column":4},"end":{"line":19,"column":23}},"8":{"start":{"line":20,"column":4},"end":{"line":20,"column":49}},"9":{"start":{"line":27,"column":0},"end":{"line":51,"column":3}},"10":{"start":{"line":28,"column":2},"end":{"line":50,"column":3}},"11":{"start":{"line":29,"column":31},"end":{"line":29,"column":40}},"12":{"start":{"line":31,"column":14},"end":{"line":31,"column":129}},"13":{"start":{"line":32,"column":19},"end":{"line":32,"column":21}},"14":{"start":{"line":34,"column":4},"end":{"line":37,"column":5}},"15":{"start":{"line":35,"column":6},"end":{"line":35,"column":33}},"16":{"start":{"line":36,"column":6},"end":{"line":36,"column":26}},"17":{"start":{"line":39,"column":4},"end":{"line":39,"column":39}},"18":{"start":{"line":41,"column":27},"end":{"line":41,"column":54}},"19":{"start":{"line":43,"column":4},"end":{"line":46,"column":7}},"20":{"start":{"line":48,"column":4},"end":{"line":48,"column":55}},"21":{"start":{"line":49,"column":4},"end":{"line":49,"column":69}},"22":{"start":{"line":56,"column":0},"end":{"line":148,"column":3}},"23":{"start":{"line":57,"column":2},"end":{"line":147,"column":3}},"24":{"start":{"line":58,"column":26},"end":{"line":58,"column":36}},"25":{"start":{"line":59,"column":39},"end":{"line":59,"column":48}},"26":{"start":{"line":61,"column":27},"end":{"line":64,"column":5}},"27":{"start":{"line":65,"column":4},"end":{"line":67,"column":5}},"28":{"start":{"line":66,"column":6},"end":{"line":66,"column":72}},"29":{"start":{"line":69,"column":24},"end":{"line":69,"column":39}},"30":{"start":{"line":70,"column":17},"end":{"line":70,"column":33}},"31":{"start":{"line":71,"column":21},"end":{"line":71,"column":23}},"32":{"start":{"line":72,"column":25},"end":{"line":72,"column":35}},"33":{"start":{"line":73,"column":23},"end":{"line":73,"column":25}},"34":{"start":{"line":76,"column":28},"end":{"line":83,"column":5}},"35":{"start":{"line":77,"column":6},"end":{"line":77,"column":32}},"36":{"start":{"line":77,"column":20},"end":{"line":77,"column":32}},"37":{"start":{"line":79,"column":6},"end":{"line":81,"column":7}},"38":{"start":{"line":80,"column":8},"end":{"line":80,"column":73}},"39":{"start":{"line":82,"column":6},"end":{"line":82,"column":21}},"40":{"start":{"line":85,"column":27},"end":{"line":85,"column":56}},"41":{"start":{"line":86,"column":25},"end":{"line":86,"column":51}},"42":{"start":{"line":89,"column":4},"end":{"line":101,"column":5}},"43":{"start":{"line":90,"column":6},"end":{"line":90,"column":53}},"44":{"start":{"line":91,"column":6},"end":{"line":91,"column":52}},"45":{"start":{"line":92,"column":6},"end":{"line":92,"column":44}},"46":{"start":{"line":93,"column":11},"end":{"line":101,"column":5}},"47":{"start":{"line":94,"column":6},"end":{"line":94,"column":42}},"48":{"start":{"line":95,"column":6},"end":{"line":95,"column":38}},"49":{"start":{"line":96,"column":6},"end":{"line":96,"column":47}},"50":{"start":{"line":97,"column":11},"end":{"line":101,"column":5}},"51":{"start":{"line":98,"column":6},"end":{"line":98,"column":42}},"52":{"start":{"line":99,"column":6},"end":{"line":99,"column":36}},"53":{"start":{"line":100,"column":6},"end":{"line":100,"column":38}},"54":{"start":{"line":104,"column":16},"end":{"line":119,"column":5}},"55":{"start":{"line":122,"column":4},"end":{"line":122,"column":31}},"56":{"start":{"line":123,"column":4},"end":{"line":123,"column":31}},"57":{"start":{"line":124,"column":4},"end":{"line":124,"column":33}},"58":{"start":{"line":126,"column":22},"end":{"line":126,"column":49}},"59":{"start":{"line":128,"column":4},"end":{"line":143,"column":7}},"60":{"start":{"line":141,"column":42},"end":{"line":141,"column":63}},"61":{"start":{"line":145,"column":4},"end":{"line":145,"column":54}},"62":{"start":{"line":146,"column":4},"end":{"line":146,"column":88}},"63":{"start":{"line":153,"column":0},"end":{"line":198,"column":3}},"64":{"start":{"line":154,"column":2},"end":{"line":197,"column":3}},"65":{"start":{"line":155,"column":26},"end":{"line":155,"column":36}},"66":{"start":{"line":157,"column":27},"end":{"line":160,"column":5}},"67":{"start":{"line":161,"column":4},"end":{"line":163,"column":5}},"68":{"start":{"line":162,"column":6},"end":{"line":162,"column":72}},"69":{"start":{"line":165,"column":26},"end":{"line":165,"column":44}},"70":{"start":{"line":167,"column":24},"end":{"line":173,"column":5}},"71":{"start":{"line":175,"column":4},"end":{"line":182,"column":5}},"72":{"start":{"line":176,"column":6},"end":{"line":181,"column":9}},"73":{"start":{"line":184,"column":4},"end":{"line":193,"column":7}},"74":{"start":{"line":187,"column":37},"end":{"line":192,"column":7}},"75":{"start":{"line":195,"column":4},"end":{"line":195,"column":52}},"76":{"start":{"line":196,"column":4},"end":{"line":196,"column":86}},"77":{"start":{"line":203,"column":0},"end":{"line":238,"column":3}},"78":{"start":{"line":204,"column":2},"end":{"line":237,"column":3}},"79":{"start":{"line":205,"column":28},"end":{"line":205,"column":38}},"80":{"start":{"line":207,"column":21},"end":{"line":207,"column":91}},"81":{"start":{"line":208,"column":4},"end":{"line":210,"column":5}},"82":{"start":{"line":209,"column":6},"end":{"line":209,"column":67}},"83":{"start":{"line":212,"column":21},"end":{"line":212,"column":33}},"84":{"start":{"line":214,"column":22},"end":{"line":221,"column":5}},"85":{"start":{"line":223,"column":4},"end":{"line":233,"column":7}},"86":{"start":{"line":226,"column":33},"end":{"line":232,"column":7}},"87":{"start":{"line":235,"column":4},"end":{"line":235,"column":57}},"88":{"start":{"line":236,"column":4},"end":{"line":236,"column":71}},"89":{"start":{"line":243,"column":0},"end":{"line":276,"column":3}},"90":{"start":{"line":244,"column":79},"end":{"line":244,"column":87}},"91":{"start":{"line":245,"column":2},"end":{"line":246,"column":73}},"92":{"start":{"line":246,"column":4},"end":{"line":246,"column":73}},"93":{"start":{"line":248,"column":2},"end":{"line":249,"column":82}},"94":{"start":{"line":249,"column":4},"end":{"line":249,"column":82}},"95":{"start":{"line":251,"column":2},"end":{"line":275,"column":3}},"96":{"start":{"line":252,"column":21},"end":{"line":252,"column":99}},"97":{"start":{"line":253,"column":4},"end":{"line":254,"column":77}},"98":{"start":{"line":254,"column":6},"end":{"line":254,"column":77}},"99":{"start":{"line":256,"column":21},"end":{"line":259,"column":5}},"100":{"start":{"line":261,"column":4},"end":{"line":271,"column":7}},"101":{"start":{"line":273,"column":4},"end":{"line":273,"column":23}},"102":{"start":{"line":274,"column":4},"end":{"line":274,"column":68}},"103":{"start":{"line":281,"column":0},"end":{"line":345,"column":3}},"104":{"start":{"line":282,"column":18},"end":{"line":282,"column":26}},"105":{"start":{"line":283,"column":2},"end":{"line":284,"column":93}},"106":{"start":{"line":284,"column":4},"end":{"line":284,"column":93}},"107":{"start":{"line":286,"column":18},"end":{"line":286,"column":64}},"108":{"start":{"line":288,"column":2},"end":{"line":344,"column":3}},"109":{"start":{"line":289,"column":4},"end":{"line":334,"column":5}},"110":{"start":{"line":290,"column":69},"end":{"line":290,"column":73}},"111":{"start":{"line":292,"column":6},"end":{"line":293,"column":105}},"112":{"start":{"line":293,"column":8},"end":{"line":293,"column":105}},"113":{"start":{"line":295,"column":23},"end":{"line":295,"column":101}},"114":{"start":{"line":298,"column":6},"end":{"line":307,"column":7}},"115":{"start":{"line":299,"column":29},"end":{"line":302,"column":9}},"116":{"start":{"line":303,"column":8},"end":{"line":303,"column":44}},"117":{"start":{"line":304,"column":8},"end":{"line":304,"column":82}},"118":{"start":{"line":306,"column":8},"end":{"line":306,"column":39}},"119":{"start":{"line":309,"column":6},"end":{"line":333,"column":7}},"120":{"start":{"line":310,"column":8},"end":{"line":332,"column":9}},"121":{"start":{"line":311,"column":10},"end":{"line":311,"column":60}},"122":{"start":{"line":311,"column":51},"end":{"line":311,"column":60}},"123":{"start":{"line":313,"column":25},"end":{"line":313,"column":95}},"124":{"start":{"line":315,"column":10},"end":{"line":320,"column":11}},"125":{"start":{"line":316,"column":27},"end":{"line":316,"column":99}},"126":{"start":{"line":317,"column":12},"end":{"line":317,"column":37}},"127":{"start":{"line":319,"column":12},"end":{"line":319,"column":36}},"128":{"start":{"line":323,"column":31},"end":{"line":323,"column":68}},"129":{"start":{"line":324,"column":33},"end":{"line":324,"column":76}},"130":{"start":{"line":326,"column":10},"end":{"line":329,"column":12}},"131":{"start":{"line":331,"column":10},"end":{"line":331,"column":111}},"132":{"start":{"line":336,"column":4},"end":{"line":340,"column":7}},"133":{"start":{"line":342,"column":4},"end":{"line":342,"column":23}},"134":{"start":{"line":343,"column":4},"end":{"line":343,"column":71}},"135":{"start":{"line":350,"column":0},"end":{"line":387,"column":3}},"136":{"start":{"line":351,"column":24},"end":{"line":351,"column":34}},"137":{"start":{"line":352,"column":33},"end":{"line":352,"column":41}},"138":{"start":{"line":354,"column":2},"end":{"line":355,"column":78}},"139":{"start":{"line":355,"column":4},"end":{"line":355,"column":78}},"140":{"start":{"line":358,"column":2},"end":{"line":359,"column":72}},"141":{"start":{"line":359,"column":4},"end":{"line":359,"column":72}},"142":{"start":{"line":361,"column":2},"end":{"line":386,"column":3}},"143":{"start":{"line":362,"column":27},"end":{"line":362,"column":105}},"144":{"start":{"line":363,"column":4},"end":{"line":364,"column":73}},"145":{"start":{"line":364,"column":6},"end":{"line":364,"column":73}},"146":{"start":{"line":366,"column":26},"end":{"line":366,"column":44}},"147":{"start":{"line":368,"column":19},"end":{"line":368,"column":89}},"148":{"start":{"line":370,"column":4},"end":{"line":375,"column":5}},"149":{"start":{"line":371,"column":21},"end":{"line":371,"column":93}},"150":{"start":{"line":372,"column":6},"end":{"line":372,"column":31}},"151":{"start":{"line":374,"column":6},"end":{"line":374,"column":30}},"152":{"start":{"line":377,"column":4},"end":{"line":380,"column":6}},"153":{"start":{"line":382,"column":4},"end":{"line":382,"column":90}},"154":{"start":{"line":384,"column":4},"end":{"line":384,"column":23}},"155":{"start":{"line":385,"column":4},"end":{"line":385,"column":64}},"156":{"start":{"line":392,"column":0},"end":{"line":467,"column":3}},"157":{"start":{"line":393,"column":2},"end":{"line":466,"column":3}},"158":{"start":{"line":394,"column":26},"end":{"line":394,"column":36}},"159":{"start":{"line":396,"column":27},"end":{"line":399,"column":5}},"160":{"start":{"line":400,"column":4},"end":{"line":401,"column":72}},"161":{"start":{"line":401,"column":6},"end":{"line":401,"column":72}},"162":{"start":{"line":403,"column":24},"end":{"line":403,"column":39}},"163":{"start":{"line":404,"column":26},"end":{"line":404,"column":40}},"164":{"start":{"line":407,"column":22},"end":{"line":420,"column":5}},"165":{"start":{"line":422,"column":24},"end":{"line":422,"column":70}},"166":{"start":{"line":422,"column":47},"end":{"line":422,"column":68}},"167":{"start":{"line":425,"column":4},"end":{"line":428,"column":6}},"168":{"start":{"line":431,"column":4},"end":{"line":434,"column":6}},"169":{"start":{"line":437,"column":4},"end":{"line":454,"column":5}},"170":{"start":{"line":438,"column":27},"end":{"line":438,"column":104}},"171":{"start":{"line":439,"column":6},"end":{"line":453,"column":7}},"172":{"start":{"line":441,"column":27},"end":{"line":444,"column":9}},"173":{"start":{"line":447,"column":8},"end":{"line":452,"column":9}},"174":{"start":{"line":448,"column":10},"end":{"line":451,"column":12}},"175":{"start":{"line":457,"column":4},"end":{"line":462,"column":7}},"176":{"start":{"line":464,"column":4},"end":{"line":464,"column":56}},"177":{"start":{"line":465,"column":4},"end":{"line":465,"column":70}},"178":{"start":{"line":472,"column":0},"end":{"line":505,"column":3}},"179":{"start":{"line":473,"column":24},"end":{"line":473,"column":34}},"180":{"start":{"line":475,"column":2},"end":{"line":504,"column":3}},"181":{"start":{"line":476,"column":27},"end":{"line":476,"column":105}},"182":{"start":{"line":477,"column":4},"end":{"line":479,"column":5}},"183":{"start":{"line":478,"column":6},"end":{"line":478,"column":73}},"184":{"start":{"line":480,"column":26},"end":{"line":480,"column":44}},"185":{"start":{"line":483,"column":26},"end":{"line":483,"column":106}},"186":{"start":{"line":484,"column":29},"end":{"line":484,"column":124}},"187":{"start":{"line":485,"column":28},"end":{"line":485,"column":116}},"188":{"start":{"line":488,"column":4},"end":{"line":488,"column":99}},"189":{"start":{"line":491,"column":4},"end":{"line":499,"column":7}},"190":{"start":{"line":502,"column":4},"end":{"line":502,"column":55}},"191":{"start":{"line":503,"column":4},"end":{"line":503,"column":69}},"192":{"start":{"line":510,"column":0},"end":{"line":546,"column":3}},"193":{"start":{"line":511,"column":2},"end":{"line":545,"column":3}},"194":{"start":{"line":512,"column":39},"end":{"line":512,"column":49}},"195":{"start":{"line":514,"column":27},"end":{"line":517,"column":5}},"196":{"start":{"line":518,"column":4},"end":{"line":519,"column":72}},"197":{"start":{"line":519,"column":6},"end":{"line":519,"column":72}},"198":{"start":{"line":521,"column":26},"end":{"line":521,"column":44}},"199":{"start":{"line":523,"column":21},"end":{"line":530,"column":5}},"200":{"start":{"line":532,"column":4},"end":{"line":533,"column":87}},"201":{"start":{"line":533,"column":6},"end":{"line":533,"column":87}},"202":{"start":{"line":535,"column":4},"end":{"line":541,"column":7}},"203":{"start":{"line":539,"column":36},"end":{"line":539,"column":97}},"204":{"start":{"line":543,"column":4},"end":{"line":543,"column":56}},"205":{"start":{"line":544,"column":4},"end":{"line":544,"column":70}},"206":{"start":{"line":551,"column":0},"end":{"line":602,"column":3}},"207":{"start":{"line":552,"column":37},"end":{"line":552,"column":47}},"208":{"start":{"line":553,"column":24},"end":{"line":553,"column":33}},"209":{"start":{"line":555,"column":2},"end":{"line":601,"column":3}},"210":{"start":{"line":556,"column":27},"end":{"line":556,"column":120}},"211":{"start":{"line":557,"column":4},"end":{"line":558,"column":72}},"212":{"start":{"line":558,"column":6},"end":{"line":558,"column":72}},"213":{"start":{"line":560,"column":49},"end":{"line":560,"column":64}},"214":{"start":{"line":563,"column":26},"end":{"line":571,"column":5}},"215":{"start":{"line":573,"column":4},"end":{"line":574,"column":84}},"216":{"start":{"line":574,"column":6},"end":{"line":574,"column":84}},"217":{"start":{"line":576,"column":24},"end":{"line":576,"column":44}},"218":{"start":{"line":579,"column":25},"end":{"line":579,"column":61}},"219":{"start":{"line":582,"column":23},"end":{"line":587,"column":5}},"220":{"start":{"line":589,"column":17},"end":{"line":589,"column":46}},"221":{"start":{"line":591,"column":4},"end":{"line":597,"column":7}},"222":{"start":{"line":599,"column":4},"end":{"line":599,"column":54}},"223":{"start":{"line":600,"column":4},"end":{"line":600,"column":61}},"224":{"start":{"line":608,"column":0},"end":{"line":674,"column":3}},"225":{"start":{"line":609,"column":37},"end":{"line":609,"column":47}},"226":{"start":{"line":610,"column":25},"end":{"line":610,"column":26}},"227":{"start":{"line":612,"column":2},"end":{"line":673,"column":3}},"228":{"start":{"line":613,"column":27},"end":{"line":613,"column":120}},"229":{"start":{"line":614,"column":4},"end":{"line":615,"column":73}},"230":{"start":{"line":615,"column":6},"end":{"line":615,"column":73}},"231":{"start":{"line":617,"column":49},"end":{"line":617,"column":64}},"232":{"start":{"line":620,"column":25},"end":{"line":620,"column":61}},"233":{"start":{"line":621,"column":18},"end":{"line":621,"column":59}},"234":{"start":{"line":624,"column":30},"end":{"line":632,"column":5}},"235":{"start":{"line":634,"column":4},"end":{"line":636,"column":5}},"236":{"start":{"line":635,"column":6},"end":{"line":635,"column":103}},"237":{"start":{"line":637,"column":24},"end":{"line":637,"column":48}},"238":{"start":{"line":640,"column":27},"end":{"line":648,"column":5}},"239":{"start":{"line":651,"column":27},"end":{"line":658,"column":5}},"240":{"start":{"line":660,"column":4},"end":{"line":668,"column":7}},"241":{"start":{"line":671,"column":4},"end":{"line":671,"column":59}},"242":{"start":{"line":672,"column":4},"end":{"line":672,"column":73}},"243":{"start":{"line":680,"column":0},"end":{"line":694,"column":3}},"244":{"start":{"line":682,"column":26},"end":{"line":682,"column":36}},"245":{"start":{"line":683,"column":28},"end":{"line":683,"column":36}},"246":{"start":{"line":685,"column":4},"end":{"line":685,"column":86}},"247":{"start":{"line":685,"column":22},"end":{"line":685,"column":86}},"248":{"start":{"line":689,"column":4},"end":{"line":693,"column":7}},"249":{"start":{"line":696,"column":0},"end":{"line":696,"column":24}}},"fnMap":{"0":{"name":"(anonymous_0)","decl":{"start":{"line":8,"column":32},"end":{"line":8,"column":33}},"loc":{"start":{"line":8,"column":52},"end":{"line":22,"column":1}},"line":8},"1":{"name":"(anonymous_1)","decl":{"start":{"line":27,"column":16},"end":{"line":27,"column":17}},"loc":{"start":{"line":27,"column":36},"end":{"line":51,"column":1}},"line":27},"2":{"name":"(anonymous_2)","decl":{"start":{"line":56,"column":38},"end":{"line":56,"column":39}},"loc":{"start":{"line":56,"column":58},"end":{"line":148,"column":1}},"line":56},"3":{"name":"(anonymous_3)","decl":{"start":{"line":76,"column":28},"end":{"line":76,"column":29}},"loc":{"start":{"line":76,"column":60},"end":{"line":83,"column":5}},"line":76},"4":{"name":"(anonymous_4)","decl":{"start":{"line":141,"column":31},"end":{"line":141,"column":32}},"loc":{"start":{"line":141,"column":42},"end":{"line":141,"column":63}},"line":141},"5":{"name":"(anonymous_5)","decl":{"start":{"line":153,"column":36},"end":{"line":153,"column":37}},"loc":{"start":{"line":153,"column":56},"end":{"line":198,"column":1}},"line":153},"6":{"name":"(anonymous_6)","decl":{"start":{"line":187,"column":31},"end":{"line":187,"column":32}},"loc":{"start":{"line":187,"column":37},"end":{"line":192,"column":7}},"line":187},"7":{"name":"(anonymous_7)","decl":{"start":{"line":203,"column":44},"end":{"line":203,"column":45}},"loc":{"start":{"line":203,"column":64},"end":{"line":238,"column":1}},"line":203},"8":{"name":"(anonymous_8)","decl":{"start":{"line":226,"column":27},"end":{"line":226,"column":28}},"loc":{"start":{"line":226,"column":33},"end":{"line":232,"column":7}},"line":226},"9":{"name":"(anonymous_9)","decl":{"start":{"line":243,"column":17},"end":{"line":243,"column":18}},"loc":{"start":{"line":243,"column":37},"end":{"line":276,"column":1}},"line":243},"10":{"name":"(anonymous_10)","decl":{"start":{"line":281,"column":21},"end":{"line":281,"column":22}},"loc":{"start":{"line":281,"column":41},"end":{"line":345,"column":1}},"line":281},"11":{"name":"(anonymous_11)","decl":{"start":{"line":350,"column":34},"end":{"line":350,"column":35}},"loc":{"start":{"line":350,"column":54},"end":{"line":387,"column":1}},"line":350},"12":{"name":"(anonymous_12)","decl":{"start":{"line":392,"column":36},"end":{"line":392,"column":37}},"loc":{"start":{"line":392,"column":56},"end":{"line":467,"column":1}},"line":392},"13":{"name":"(anonymous_13)","decl":{"start":{"line":422,"column":36},"end":{"line":422,"column":37}},"loc":{"start":{"line":422,"column":47},"end":{"line":422,"column":68}},"line":422},"14":{"name":"(anonymous_14)","decl":{"start":{"line":472,"column":33},"end":{"line":472,"column":34}},"loc":{"start":{"line":472,"column":53},"end":{"line":505,"column":1}},"line":472},"15":{"name":"(anonymous_15)","decl":{"start":{"line":510,"column":54},"end":{"line":510,"column":55}},"loc":{"start":{"line":510,"column":74},"end":{"line":546,"column":1}},"line":510},"16":{"name":"(anonymous_16)","decl":{"start":{"line":539,"column":25},"end":{"line":539,"column":26}},"loc":{"start":{"line":539,"column":36},"end":{"line":539,"column":97}},"line":539},"17":{"name":"(anonymous_17)","decl":{"start":{"line":551,"column":52},"end":{"line":551,"column":53}},"loc":{"start":{"line":551,"column":72},"end":{"line":602,"column":1}},"line":551},"18":{"name":"(anonymous_18)","decl":{"start":{"line":608,"column":50},"end":{"line":608,"column":51}},"loc":{"start":{"line":608,"column":70},"end":{"line":674,"column":1}},"line":608},"19":{"name":"(anonymous_19)","decl":{"start":{"line":680,"column":37},"end":{"line":680,"column":38}},"loc":{"start":{"line":680,"column":57},"end":{"line":694,"column":1}},"line":680}},"branchMap":{"0":{"loc":{"start":{"line":29,"column":12},"end":{"line":29,"column":26}},"type":"default-arg","locations":[{"start":{"line":29,"column":21},"end":{"line":29,"column":26}}],"line":29},"1":{"loc":{"start":{"line":34,"column":4},"end":{"line":37,"column":5}},"type":"if","locations":[{"start":{"line":34,"column":4},"end":{"line":37,"column":5}},{"start":{},"end":{}}],"line":34},"2":{"loc":{"start":{"line":59,"column":12},"end":{"line":59,"column":22}},"type":"default-arg","locations":[{"start":{"line":59,"column":20},"end":{"line":59,"column":22}}],"line":59},"3":{"loc":{"start":{"line":65,"column":4},"end":{"line":67,"column":5}},"type":"if","locations":[{"start":{"line":65,"column":4},"end":{"line":67,"column":5}},{"start":{},"end":{}}],"line":65},"4":{"loc":{"start":{"line":76,"column":38},"end":{"line":76,"column":55}},"type":"default-arg","locations":[{"start":{"line":76,"column":50},"end":{"line":76,"column":55}}],"line":76},"5":{"loc":{"start":{"line":77,"column":6},"end":{"line":77,"column":32}},"type":"if","locations":[{"start":{"line":77,"column":6},"end":{"line":77,"column":32}},{"start":{},"end":{}}],"line":77},"6":{"loc":{"start":{"line":79,"column":6},"end":{"line":81,"column":7}},"type":"if","locations":[{"start":{"line":79,"column":6},"end":{"line":81,"column":7}},{"start":{},"end":{}}],"line":79},"7":{"loc":{"start":{"line":80,"column":15},"end":{"line":80,"column":72}},"type":"cond-expr","locations":[{"start":{"line":80,"column":27},"end":{"line":80,"column":48}},{"start":{"line":80,"column":51},"end":{"line":80,"column":72}}],"line":80},"8":{"loc":{"start":{"line":89,"column":4},"end":{"line":101,"column":5}},"type":"if","locations":[{"start":{"line":89,"column":4},"end":{"line":101,"column":5}},{"start":{"line":93,"column":11},"end":{"line":101,"column":5}}],"line":89},"9":{"loc":{"start":{"line":89,"column":8},"end":{"line":89,"column":38}},"type":"binary-expr","locations":[{"start":{"line":89,"column":8},"end":{"line":89,"column":22}},{"start":{"line":89,"column":26},"end":{"line":89,"column":38}}],"line":89},"10":{"loc":{"start":{"line":93,"column":11},"end":{"line":101,"column":5}},"type":"if","locations":[{"start":{"line":93,"column":11},"end":{"line":101,"column":5}},{"start":{"line":97,"column":11},"end":{"line":101,"column":5}}],"line":93},"11":{"loc":{"start":{"line":97,"column":11},"end":{"line":101,"column":5}},"type":"if","locations":[{"start":{"line":97,"column":11},"end":{"line":101,"column":5}},{"start":{},"end":{}}],"line":97},"12":{"loc":{"start":{"line":138,"column":15},"end":{"line":138,"column":28}},"type":"binary-expr","locations":[{"start":{"line":138,"column":15},"end":{"line":138,"column":20}},{"start":{"line":138,"column":24},"end":{"line":138,"column":28}}],"line":138},"13":{"loc":{"start":{"line":139,"column":13},"end":{"line":139,"column":24}},"type":"binary-expr","locations":[{"start":{"line":139,"column":13},"end":{"line":139,"column":16}},{"start":{"line":139,"column":20},"end":{"line":139,"column":24}}],"line":139},"14":{"loc":{"start":{"line":161,"column":4},"end":{"line":163,"column":5}},"type":"if","locations":[{"start":{"line":161,"column":4},"end":{"line":163,"column":5}},{"start":{},"end":{}}],"line":161},"15":{"loc":{"start":{"line":175,"column":4},"end":{"line":182,"column":5}},"type":"if","locations":[{"start":{"line":175,"column":4},"end":{"line":182,"column":5}},{"start":{},"end":{}}],"line":175},"16":{"loc":{"start":{"line":191,"column":17},"end":{"line":191,"column":112}},"type":"cond-expr","locations":[{"start":{"line":191,"column":59},"end":{"line":191,"column":90}},{"start":{"line":191,"column":93},"end":{"line":191,"column":112}}],"line":191},"17":{"loc":{"start":{"line":208,"column":4},"end":{"line":210,"column":5}},"type":"if","locations":[{"start":{"line":208,"column":4},"end":{"line":210,"column":5}},{"start":{},"end":{}}],"line":208},"18":{"loc":{"start":{"line":245,"column":2},"end":{"line":246,"column":73}},"type":"if","locations":[{"start":{"line":245,"column":2},"end":{"line":246,"column":73}},{"start":{},"end":{}}],"line":245},"19":{"loc":{"start":{"line":245,"column":6},"end":{"line":245,"column":43}},"type":"binary-expr","locations":[{"start":{"line":245,"column":6},"end":{"line":245,"column":11}},{"start":{"line":245,"column":15},"end":{"line":245,"column":25}},{"start":{"line":245,"column":29},"end":{"line":245,"column":43}}],"line":245},"20":{"loc":{"start":{"line":248,"column":2},"end":{"line":249,"column":82}},"type":"if","locations":[{"start":{"line":248,"column":2},"end":{"line":249,"column":82}},{"start":{},"end":{}}],"line":248},"21":{"loc":{"start":{"line":253,"column":4},"end":{"line":254,"column":77}},"type":"if","locations":[{"start":{"line":253,"column":4},"end":{"line":254,"column":77}},{"start":{},"end":{}}],"line":253},"22":{"loc":{"start":{"line":258,"column":24},"end":{"line":258,"column":46}},"type":"binary-expr","locations":[{"start":{"line":258,"column":24},"end":{"line":258,"column":34}},{"start":{"line":258,"column":38},"end":{"line":258,"column":46}}],"line":258},"23":{"loc":{"start":{"line":258,"column":73},"end":{"line":258,"column":91}},"type":"binary-expr","locations":[{"start":{"line":258,"column":73},"end":{"line":258,"column":83}},{"start":{"line":258,"column":87},"end":{"line":258,"column":91}}],"line":258},"24":{"loc":{"start":{"line":258,"column":93},"end":{"line":258,"column":109}},"type":"binary-expr","locations":[{"start":{"line":258,"column":93},"end":{"line":258,"column":101}},{"start":{"line":258,"column":105},"end":{"line":258,"column":109}}],"line":258},"25":{"loc":{"start":{"line":267,"column":20},"end":{"line":267,"column":42}},"type":"binary-expr","locations":[{"start":{"line":267,"column":20},"end":{"line":267,"column":30}},{"start":{"line":267,"column":34},"end":{"line":267,"column":42}}],"line":267},"26":{"loc":{"start":{"line":283,"column":2},"end":{"line":284,"column":93}},"type":"if","locations":[{"start":{"line":283,"column":2},"end":{"line":284,"column":93}},{"start":{},"end":{}}],"line":283},"27":{"loc":{"start":{"line":283,"column":6},"end":{"line":283,"column":54}},"type":"binary-expr","locations":[{"start":{"line":283,"column":6},"end":{"line":283,"column":14}},{"start":{"line":283,"column":18},"end":{"line":283,"column":54}}],"line":283},"28":{"loc":{"start":{"line":292,"column":6},"end":{"line":293,"column":105}},"type":"if","locations":[{"start":{"line":292,"column":6},"end":{"line":293,"column":105}},{"start":{},"end":{}}],"line":292},"29":{"loc":{"start":{"line":292,"column":10},"end":{"line":292,"column":47}},"type":"binary-expr","locations":[{"start":{"line":292,"column":10},"end":{"line":292,"column":15}},{"start":{"line":292,"column":19},"end":{"line":292,"column":29}},{"start":{"line":292,"column":33},"end":{"line":292,"column":47}}],"line":292},"30":{"loc":{"start":{"line":298,"column":6},"end":{"line":307,"column":7}},"type":"if","locations":[{"start":{"line":298,"column":6},"end":{"line":307,"column":7}},{"start":{"line":305,"column":13},"end":{"line":307,"column":7}}],"line":298},"31":{"loc":{"start":{"line":301,"column":28},"end":{"line":301,"column":50}},"type":"binary-expr","locations":[{"start":{"line":301,"column":28},"end":{"line":301,"column":38}},{"start":{"line":301,"column":42},"end":{"line":301,"column":50}}],"line":301},"32":{"loc":{"start":{"line":309,"column":6},"end":{"line":333,"column":7}},"type":"if","locations":[{"start":{"line":309,"column":6},"end":{"line":333,"column":7}},{"start":{},"end":{}}],"line":309},"33":{"loc":{"start":{"line":311,"column":10},"end":{"line":311,"column":60}},"type":"if","locations":[{"start":{"line":311,"column":10},"end":{"line":311,"column":60}},{"start":{},"end":{}}],"line":311},"34":{"loc":{"start":{"line":311,"column":14},"end":{"line":311,"column":49}},"type":"binary-expr","locations":[{"start":{"line":311,"column":14},"end":{"line":311,"column":26}},{"start":{"line":311,"column":30},"end":{"line":311,"column":49}}],"line":311},"35":{"loc":{"start":{"line":315,"column":10},"end":{"line":320,"column":11}},"type":"if","locations":[{"start":{"line":315,"column":10},"end":{"line":320,"column":11}},{"start":{"line":318,"column":17},"end":{"line":320,"column":11}}],"line":315},"36":{"loc":{"start":{"line":323,"column":31},"end":{"line":323,"column":68}},"type":"binary-expr","locations":[{"start":{"line":323,"column":31},"end":{"line":323,"column":40}},{"start":{"line":323,"column":44},"end":{"line":323,"column":68}}],"line":323},"37":{"loc":{"start":{"line":354,"column":2},"end":{"line":355,"column":78}},"type":"if","locations":[{"start":{"line":354,"column":2},"end":{"line":355,"column":78}},{"start":{},"end":{}}],"line":354},"38":{"loc":{"start":{"line":354,"column":6},"end":{"line":354,"column":41}},"type":"binary-expr","locations":[{"start":{"line":354,"column":6},"end":{"line":354,"column":18}},{"start":{"line":354,"column":22},"end":{"line":354,"column":41}}],"line":354},"39":{"loc":{"start":{"line":358,"column":2},"end":{"line":359,"column":72}},"type":"if","locations":[{"start":{"line":358,"column":2},"end":{"line":359,"column":72}},{"start":{},"end":{}}],"line":358},"40":{"loc":{"start":{"line":358,"column":6},"end":{"line":358,"column":52}},"type":"binary-expr","locations":[{"start":{"line":358,"column":6},"end":{"line":358,"column":18}},{"start":{"line":358,"column":22},"end":{"line":358,"column":36}},{"start":{"line":358,"column":40},"end":{"line":358,"column":52}}],"line":358},"41":{"loc":{"start":{"line":363,"column":4},"end":{"line":364,"column":73}},"type":"if","locations":[{"start":{"line":363,"column":4},"end":{"line":364,"column":73}},{"start":{},"end":{}}],"line":363},"42":{"loc":{"start":{"line":370,"column":4},"end":{"line":375,"column":5}},"type":"if","locations":[{"start":{"line":370,"column":4},"end":{"line":375,"column":5}},{"start":{"line":373,"column":11},"end":{"line":375,"column":5}}],"line":370},"43":{"loc":{"start":{"line":400,"column":4},"end":{"line":401,"column":72}},"type":"if","locations":[{"start":{"line":400,"column":4},"end":{"line":401,"column":72}},{"start":{},"end":{}}],"line":400},"44":{"loc":{"start":{"line":439,"column":6},"end":{"line":453,"column":7}},"type":"if","locations":[{"start":{"line":439,"column":6},"end":{"line":453,"column":7}},{"start":{},"end":{}}],"line":439},"45":{"loc":{"start":{"line":447,"column":8},"end":{"line":452,"column":9}},"type":"if","locations":[{"start":{"line":447,"column":8},"end":{"line":452,"column":9}},{"start":{},"end":{}}],"line":447},"46":{"loc":{"start":{"line":477,"column":4},"end":{"line":479,"column":5}},"type":"if","locations":[{"start":{"line":477,"column":4},"end":{"line":479,"column":5}},{"start":{},"end":{}}],"line":477},"47":{"loc":{"start":{"line":518,"column":4},"end":{"line":519,"column":72}},"type":"if","locations":[{"start":{"line":518,"column":4},"end":{"line":519,"column":72}},{"start":{},"end":{}}],"line":518},"48":{"loc":{"start":{"line":532,"column":4},"end":{"line":533,"column":87}},"type":"if","locations":[{"start":{"line":532,"column":4},"end":{"line":533,"column":87}},{"start":{},"end":{}}],"line":532},"49":{"loc":{"start":{"line":557,"column":4},"end":{"line":558,"column":72}},"type":"if","locations":[{"start":{"line":557,"column":4},"end":{"line":558,"column":72}},{"start":{},"end":{}}],"line":557},"50":{"loc":{"start":{"line":573,"column":4},"end":{"line":574,"column":84}},"type":"if","locations":[{"start":{"line":573,"column":4},"end":{"line":574,"column":84}},{"start":{},"end":{}}],"line":573},"51":{"loc":{"start":{"line":579,"column":25},"end":{"line":579,"column":61}},"type":"cond-expr","locations":[{"start":{"line":579,"column":52},"end":{"line":579,"column":55}},{"start":{"line":579,"column":58},"end":{"line":579,"column":61}}],"line":579},"52":{"loc":{"start":{"line":614,"column":4},"end":{"line":615,"column":73}},"type":"if","locations":[{"start":{"line":614,"column":4},"end":{"line":615,"column":73}},{"start":{},"end":{}}],"line":614},"53":{"loc":{"start":{"line":620,"column":25},"end":{"line":620,"column":61}},"type":"cond-expr","locations":[{"start":{"line":620,"column":52},"end":{"line":620,"column":55}},{"start":{"line":620,"column":58},"end":{"line":620,"column":61}}],"line":620},"54":{"loc":{"start":{"line":621,"column":18},"end":{"line":621,"column":59}},"type":"cond-expr","locations":[{"start":{"line":621,"column":45},"end":{"line":621,"column":51}},{"start":{"line":621,"column":54},"end":{"line":621,"column":59}}],"line":621},"55":{"loc":{"start":{"line":634,"column":4},"end":{"line":636,"column":5}},"type":"if","locations":[{"start":{"line":634,"column":4},"end":{"line":636,"column":5}},{"start":{},"end":{}}],"line":634},"56":{"loc":{"start":{"line":655,"column":48},"end":{"line":655,"column":80}},"type":"cond-expr","locations":[{"start":{"line":655,"column":71},"end":{"line":655,"column":74}},{"start":{"line":655,"column":77},"end":{"line":655,"column":80}}],"line":655},"57":{"loc":{"start":{"line":685,"column":4},"end":{"line":685,"column":86}},"type":"if","locations":[{"start":{"line":685,"column":4},"end":{"line":685,"column":86}},{"start":{},"end":{}}],"line":685}},"s":{"0":1,"1":1,"2":1,"3":1,"4":0,"5":0,"6":0,"7":0,"8":0,"9":1,"10":3,"11":3,"12":3,"13":3,"14":3,"15":1,"16":1,"17":3,"18":3,"19":3,"20":0,"21":0,"22":1,"23":7,"24":7,"25":7,"26":7,"27":7,"28":2,"29":5,"30":5,"31":5,"32":5,"33":5,"34":5,"35":10,"36":9,"37":1,"38":1,"39":0,"40":5,"41":5,"42":5,"43":0,"44":0,"45":0,"46":5,"47":1,"48":1,"49":1,"50":4,"51":0,"52":0,"53":0,"54":5,"55":5,"56":5,"57":5,"58":5,"59":5,"60":9,"61":0,"62":0,"63":1,"64":1,"65":1,"66":1,"67":1,"68":0,"69":1,"70":1,"71":1,"72":0,"73":1,"74":1,"75":0,"76":0,"77":1,"78":1,"79":1,"80":1,"81":1,"82":0,"83":1,"84":1,"85":1,"86":1,"87":0,"88":0,"89":1,"90":13,"91":13,"92":1,"93":12,"94":0,"95":12,"96":12,"97":12,"98":1,"99":11,"100":11,"101":0,"102":0,"103":1,"104":13,"105":13,"106":0,"107":13,"108":13,"109":13,"110":13,"111":13,"112":0,"113":13,"114":13,"115":13,"116":13,"117":13,"118":0,"119":13,"120":13,"121":527,"122":0,"123":527,"124":527,"125":526,"126":526,"127":1,"128":527,"129":527,"130":527,"131":527,"132":13,"133":0,"134":0,"135":1,"136":7,"137":7,"138":7,"139":1,"140":6,"141":1,"142":5,"143":5,"144":5,"145":1,"146":4,"147":4,"148":4,"149":3,"150":3,"151":1,"152":4,"153":4,"154":0,"155":0,"156":1,"157":3,"158":3,"159":3,"160":3,"161":0,"162":3,"163":3,"164":3,"165":3,"166":2,"167":3,"168":3,"169":3,"170":2,"171":2,"172":2,"173":2,"174":2,"175":3,"176":0,"177":0,"178":1,"179":1,"180":1,"181":1,"182":1,"183":0,"184":1,"185":1,"186":1,"187":1,"188":1,"189":1,"190":0,"191":0,"192":1,"193":1,"194":1,"195":1,"196":1,"197":0,"198":1,"199":1,"200":1,"201":0,"202":1,"203":2,"204":0,"205":0,"206":1,"207":3,"208":3,"209":3,"210":3,"211":3,"212":0,"213":3,"214":3,"215":3,"216":0,"217":3,"218":3,"219":3,"220":3,"221":3,"222":0,"223":0,"224":1,"225":3,"226":3,"227":3,"228":3,"229":3,"230":0,"231":3,"232":3,"233":3,"234":3,"235":3,"236":0,"237":3,"238":3,"239":3,"240":3,"241":0,"242":0,"243":1,"244":0,"245":0,"246":0,"247":0,"248":0,"249":1},"f":{"0":0,"1":3,"2":7,"3":10,"4":9,"5":1,"6":1,"7":1,"8":1,"9":13,"10":13,"11":7,"12":3,"13":2,"14":1,"15":1,"16":2,"17":3,"18":3,"19":0},"b":{"0":[2],"1":[1,2],"2":[7],"3":[2,5],"4":[0],"5":[9,1],"6":[1,0],"7":[0,1],"8":[0,5],"9":[5,1],"10":[1,4],"11":[0,4],"12":[5,4],"13":[5,5],"14":[0,1],"15":[0,1],"16":[0,1],"17":[0,1],"18":[1,12],"19":[13,13,12],"20":[0,12],"21":[1,11],"22":[11,11],"23":[11,10],"24":[11,10],"25":[11,11],"26":[0,13],"27":[13,13],"28":[0,13],"29":[13,13,13],"30":[13,0],"31":[13,13],"32":[13,0],"33":[0,527],"34":[527,527],"35":[526,1],"36":[527,516],"37":[1,6],"38":[7,6],"39":[1,5],"40":[6,5,5],"41":[1,4],"42":[3,1],"43":[0,3],"44":[2,0],"45":[2,0],"46":[0,1],"47":[0,1],"48":[0,1],"49":[0,3],"50":[0,3],"51":[3,0],"52":[0,3],"53":[3,0],"54":[3,0],"55":[0,3],"56":[3,0],"57":[0,0]},"_coverageSchema":"1a1c01bbd47fc00a2c39e90264f33305004495a9","hash":"7866ddb50dd0c6060f3e8cb9cb58bc0ce4abfa77"}
}
