TN:
SF:routes\competitionRoutes.js
FN:8,(anonymous_0)
FN:27,(anonymous_1)
FN:56,(anonymous_2)
FN:76,(anonymous_3)
FN:141,(anonymous_4)
FN:153,(anonymous_5)
FN:187,(anonymous_6)
FN:203,(anonymous_7)
FN:226,(anonymous_8)
FN:243,(anonymous_9)
FN:281,(anonymous_10)
FN:350,(anonymous_11)
FN:392,(anonymous_12)
FN:422,(anonymous_13)
FN:472,(anonymous_14)
FN:510,(anonymous_15)
FN:539,(anonymous_16)
FN:551,(anonymous_17)
FN:608,(anonymous_18)
FN:680,(anonymous_19)
FNF:20
FNH:18
FNDA:0,(anonymous_0)
FNDA:3,(anonymous_1)
FNDA:7,(anonymous_2)
FNDA:10,(anonymous_3)
FNDA:9,(anonymous_4)
FNDA:1,(anonymous_5)
FNDA:1,(anonymous_6)
FNDA:1,(anonymous_7)
FNDA:1,(anonymous_8)
FNDA:13,(anonymous_9)
FNDA:13,(anonymous_10)
FNDA:7,(anonymous_11)
FNDA:3,(anonymous_12)
FNDA:2,(anonymous_13)
FNDA:1,(anonymous_14)
FNDA:1,(anonymous_15)
FNDA:2,(anonymous_16)
FNDA:3,(anonymous_17)
FNDA:3,(anonymous_18)
FNDA:0,(anonymous_19)
DA:1,1
DA:2,1
DA:3,1
DA:8,1
DA:9,0
DA:10,0
DA:17,0
DA:19,0
DA:20,0
DA:27,1
DA:28,3
DA:29,3
DA:31,3
DA:32,3
DA:34,3
DA:35,1
DA:36,1
DA:39,3
DA:41,3
DA:43,3
DA:48,0
DA:49,0
DA:56,1
DA:57,7
DA:58,7
DA:59,7
DA:61,7
DA:65,7
DA:66,2
DA:69,5
DA:70,5
DA:71,5
DA:72,5
DA:73,5
DA:76,5
DA:77,10
DA:79,1
DA:80,1
DA:82,0
DA:85,5
DA:86,5
DA:89,5
DA:90,0
DA:91,0
DA:92,0
DA:93,5
DA:94,1
DA:95,1
DA:96,1
DA:97,4
DA:98,0
DA:99,0
DA:100,0
DA:104,5
DA:122,5
DA:123,5
DA:124,5
DA:126,5
DA:128,5
DA:141,9
DA:145,0
DA:146,0
DA:153,1
DA:154,1
DA:155,1
DA:157,1
DA:161,1
DA:162,0
DA:165,1
DA:167,1
DA:175,1
DA:176,0
DA:184,1
DA:187,1
DA:195,0
DA:196,0
DA:203,1
DA:204,1
DA:205,1
DA:207,1
DA:208,1
DA:209,0
DA:212,1
DA:214,1
DA:223,1
DA:226,1
DA:235,0
DA:236,0
DA:243,1
DA:244,13
DA:245,13
DA:246,1
DA:248,12
DA:249,0
DA:251,12
DA:252,12
DA:253,12
DA:254,1
DA:256,11
DA:261,11
DA:273,0
DA:274,0
DA:281,1
DA:282,13
DA:283,13
DA:284,0
DA:286,13
DA:288,13
DA:289,13
DA:290,13
DA:292,13
DA:293,0
DA:295,13
DA:298,13
DA:299,13
DA:303,13
DA:304,13
DA:306,0
DA:309,13
DA:310,13
DA:311,527
DA:313,527
DA:315,527
DA:316,526
DA:317,526
DA:319,1
DA:323,527
DA:324,527
DA:326,527
DA:331,527
DA:336,13
DA:342,0
DA:343,0
DA:350,1
DA:351,7
DA:352,7
DA:354,7
DA:355,1
DA:358,6
DA:359,1
DA:361,5
DA:362,5
DA:363,5
DA:364,1
DA:366,4
DA:368,4
DA:370,4
DA:371,3
DA:372,3
DA:374,1
DA:377,4
DA:382,4
DA:384,0
DA:385,0
DA:392,1
DA:393,3
DA:394,3
DA:396,3
DA:400,3
DA:401,0
DA:403,3
DA:404,3
DA:407,3
DA:422,3
DA:425,3
DA:431,3
DA:437,3
DA:438,2
DA:439,2
DA:441,2
DA:447,2
DA:448,2
DA:457,3
DA:464,0
DA:465,0
DA:472,1
DA:473,1
DA:475,1
DA:476,1
DA:477,1
DA:478,0
DA:480,1
DA:483,1
DA:484,1
DA:485,1
DA:488,1
DA:491,1
DA:502,0
DA:503,0
DA:510,1
DA:511,1
DA:512,1
DA:514,1
DA:518,1
DA:519,0
DA:521,1
DA:523,1
DA:532,1
DA:533,0
DA:535,1
DA:539,2
DA:543,0
DA:544,0
DA:551,1
DA:552,3
DA:553,3
DA:555,3
DA:556,3
DA:557,3
DA:558,0
DA:560,3
DA:563,3
DA:573,3
DA:574,0
DA:576,3
DA:579,3
DA:582,3
DA:589,3
DA:591,3
DA:599,0
DA:600,0
DA:608,1
DA:609,3
DA:610,3
DA:612,3
DA:613,3
DA:614,3
DA:615,0
DA:617,3
DA:620,3
DA:621,3
DA:624,3
DA:634,3
DA:635,0
DA:637,3
DA:640,3
DA:651,3
DA:660,3
DA:671,0
DA:672,0
DA:680,1
DA:682,0
DA:683,0
DA:685,0
DA:689,0
DA:696,1
LF:246
LH:191
BRDA:29,0,0,2
BRDA:34,1,0,1
BRDA:34,1,1,2
BRDA:59,2,0,7
BRDA:65,3,0,2
BRDA:65,3,1,5
BRDA:76,4,0,0
BRDA:77,5,0,9
BRDA:77,5,1,1
BRDA:79,6,0,1
BRDA:79,6,1,0
BRDA:80,7,0,0
BRDA:80,7,1,1
BRDA:89,8,0,0
BRDA:89,8,1,5
BRDA:89,9,0,5
BRDA:89,9,1,1
BRDA:93,10,0,1
BRDA:93,10,1,4
BRDA:97,11,0,0
BRDA:97,11,1,4
BRDA:138,12,0,5
BRDA:138,12,1,4
BRDA:139,13,0,5
BRDA:139,13,1,5
BRDA:161,14,0,0
BRDA:161,14,1,1
BRDA:175,15,0,0
BRDA:175,15,1,1
BRDA:191,16,0,0
BRDA:191,16,1,1
BRDA:208,17,0,0
BRDA:208,17,1,1
BRDA:245,18,0,1
BRDA:245,18,1,12
BRDA:245,19,0,13
BRDA:245,19,1,13
BRDA:245,19,2,12
BRDA:248,20,0,0
BRDA:248,20,1,12
BRDA:253,21,0,1
BRDA:253,21,1,11
BRDA:258,22,0,11
BRDA:258,22,1,11
BRDA:258,23,0,11
BRDA:258,23,1,10
BRDA:258,24,0,11
BRDA:258,24,1,10
BRDA:267,25,0,11
BRDA:267,25,1,11
BRDA:283,26,0,0
BRDA:283,26,1,13
BRDA:283,27,0,13
BRDA:283,27,1,13
BRDA:292,28,0,0
BRDA:292,28,1,13
BRDA:292,29,0,13
BRDA:292,29,1,13
BRDA:292,29,2,13
BRDA:298,30,0,13
BRDA:298,30,1,0
BRDA:301,31,0,13
BRDA:301,31,1,13
BRDA:309,32,0,13
BRDA:309,32,1,0
BRDA:311,33,0,0
BRDA:311,33,1,527
BRDA:311,34,0,527
BRDA:311,34,1,527
BRDA:315,35,0,526
BRDA:315,35,1,1
BRDA:323,36,0,527
BRDA:323,36,1,516
BRDA:354,37,0,1
BRDA:354,37,1,6
BRDA:354,38,0,7
BRDA:354,38,1,6
BRDA:358,39,0,1
BRDA:358,39,1,5
BRDA:358,40,0,6
BRDA:358,40,1,5
BRDA:358,40,2,5
BRDA:363,41,0,1
BRDA:363,41,1,4
BRDA:370,42,0,3
BRDA:370,42,1,1
BRDA:400,43,0,0
BRDA:400,43,1,3
BRDA:439,44,0,2
BRDA:439,44,1,0
BRDA:447,45,0,2
BRDA:447,45,1,0
BRDA:477,46,0,0
BRDA:477,46,1,1
BRDA:518,47,0,0
BRDA:518,47,1,1
BRDA:532,48,0,0
BRDA:532,48,1,1
BRDA:557,49,0,0
BRDA:557,49,1,3
BRDA:573,50,0,0
BRDA:573,50,1,3
BRDA:579,51,0,3
BRDA:579,51,1,0
BRDA:614,52,0,0
BRDA:614,52,1,3
BRDA:620,53,0,3
BRDA:620,53,1,0
BRDA:621,54,0,3
BRDA:621,54,1,0
BRDA:634,55,0,0
BRDA:634,55,1,3
BRDA:655,56,0,3
BRDA:655,56,1,0
BRDA:685,57,0,0
BRDA:685,57,1,0
BRF:116
BRH:85
end_of_record
